INFO:     Will watch for changes in these directories: ['/Users/francescodesimone/Sviluppo Python/garage-management/backend']
INFO:     Uvicorn running on http://0.0.0.0:8000 (Press CTRL+C to quit)
INFO:     Started reloader process [51648] using WatchFiles
INFO:     Started server process [51651]
INFO:     Waiting for application startup.
INFO:     Application startup complete.
INFO:     127.0.0.1:64941 - "OPTIONS /api/v1/auth/me HTTP/1.1" 200 OK
INFO:     127.0.0.1:64943 - "OPTIONS /api/v1/auth/me HTTP/1.1" 200 OK
2026-02-19 09:02:34,218 INFO sqlalchemy.engine.Engine BEGIN (implicit)
2026-02-19 09:02:34,221 INFO sqlalchemy.engine.Engine SELECT users.id AS users_id, users.username AS users_username, users.email AS users_email, users.password_hash AS users_password_hash, users.ruolo AS users_ruolo, users.nome AS users_nome, users.cognome AS users_cognome, users.attivo AS users_attivo, users.ultimo_accesso AS users_ultimo_accesso, users.created_at AS users_created_at, users.updated_at AS users_updated_at 
FROM users 
WHERE users.id = ?
 LIMIT ? OFFSET ?
2026-02-19 09:02:34,221 INFO sqlalchemy.engine.Engine [generated in 0.00024s] (1, 1, 0)
2026-02-19 09:02:34,223 INFO sqlalchemy.engine.Engine ROLLBACK
INFO:     127.0.0.1:64945 - "GET /api/v1/auth/me HTTP/1.1" 200 OK
2026-02-19 09:02:34,228 INFO sqlalchemy.engine.Engine BEGIN (implicit)
2026-02-19 09:02:34,228 INFO sqlalchemy.engine.Engine SELECT users.id AS users_id, users.username AS users_username, users.email AS users_email, users.password_hash AS users_password_hash, users.ruolo AS users_ruolo, users.nome AS users_nome, users.cognome AS users_cognome, users.attivo AS users_attivo, users.ultimo_accesso AS users_ultimo_accesso, users.created_at AS users_created_at, users.updated_at AS users_updated_at 
FROM users 
WHERE users.id = ?
 LIMIT ? OFFSET ?
2026-02-19 09:02:34,228 INFO sqlalchemy.engine.Engine [cached since 0.007836s ago] (1, 1, 0)
2026-02-19 09:02:34,229 INFO sqlalchemy.engine.Engine ROLLBACK
INFO:     127.0.0.1:64945 - "GET /api/v1/auth/me HTTP/1.1" 200 OK
INFO:     127.0.0.1:64943 - "OPTIONS /api/v1/work-orders/?skip=0&limit=10 HTTP/1.1" 200 OK
INFO:     127.0.0.1:64941 - "OPTIONS /api/v1/customers/?skip=0&limit=1000 HTTP/1.1" 200 OK
INFO:     127.0.0.1:64943 - "OPTIONS /api/v1/vehicles/?skip=0&limit=1000 HTTP/1.1" 200 OK
INFO:     127.0.0.1:64951 - "OPTIONS /api/v1/system-tables/priority-types HTTP/1.1" 200 OK
INFO:     127.0.0.1:64953 - "OPTIONS /api/v1/system-tables/work-order-status-types HTTP/1.1" 200 OK
INFO:     127.0.0.1:64941 - "OPTIONS /api/v1/system-tables/customer-types HTTP/1.1" 200 OK
2026-02-19 09:02:34,839 INFO sqlalchemy.engine.Engine BEGIN (implicit)
2026-02-19 09:02:34,839 INFO sqlalchemy.engine.Engine SELECT users.id AS users_id, users.username AS users_username, users.email AS users_email, users.password_hash AS users_password_hash, users.ruolo AS users_ruolo, users.nome AS users_nome, users.cognome AS users_cognome, users.attivo AS users_attivo, users.ultimo_accesso AS users_ultimo_accesso, users.created_at AS users_created_at, users.updated_at AS users_updated_at 
FROM users 
WHERE users.id = ?
 LIMIT ? OFFSET ?
2026-02-19 09:02:34,839 INFO sqlalchemy.engine.Engine [cached since 0.6188s ago] (1, 1, 0)
2026-02-19 09:02:34,842 INFO sqlalchemy.engine.Engine BEGIN (implicit)
2026-02-19 09:02:34,842 INFO sqlalchemy.engine.Engine SELECT users.id AS users_id, users.username AS users_username, users.email AS users_email, users.password_hash AS users_password_hash, users.ruolo AS users_ruolo, users.nome AS users_nome, users.cognome AS users_cognome, users.attivo AS users_attivo, users.ultimo_accesso AS users_ultimo_accesso, users.created_at AS users_created_at, users.updated_at AS users_updated_at 
FROM users 
WHERE users.id = ?
 LIMIT ? OFFSET ?
2026-02-19 09:02:34,842 INFO sqlalchemy.engine.Engine [cached since 0.622s ago] (1, 1, 0)
2026-02-19 09:02:34,843 INFO sqlalchemy.engine.Engine BEGIN (implicit)
2026-02-19 09:02:34,843 INFO sqlalchemy.engine.Engine BEGIN (implicit)
2026-02-19 09:02:34,845 INFO sqlalchemy.engine.Engine BEGIN (implicit)
2026-02-19 09:02:34,969 INFO sqlalchemy.engine.Engine SELECT users.id AS users_id, users.username AS users_username, users.email AS users_email, users.password_hash AS users_password_hash, users.ruolo AS users_ruolo, users.nome AS users_nome, users.cognome AS users_cognome, users.attivo AS users_attivo, users.ultimo_accesso AS users_ultimo_accesso, users.created_at AS users_created_at, users.updated_at AS users_updated_at 
FROM users 
WHERE users.id = ?
 LIMIT ? OFFSET ?
2026-02-19 09:02:34,969 INFO sqlalchemy.engine.Engine BEGIN (implicit)
2026-02-19 09:02:34,972 INFO sqlalchemy.engine.Engine SELECT count(*) AS count_1 
FROM (SELECT work_orders.id AS work_orders_id, work_orders.numero_scheda AS work_orders_numero_scheda, work_orders.customer_id AS work_orders_customer_id, work_orders.vehicle_id AS work_orders_vehicle_id, work_orders.data_creazione AS work_orders_data_creazione, work_orders.data_compilazione AS work_orders_data_compilazione, work_orders.data_appuntamento AS work_orders_data_appuntamento, work_orders.data_fine_prevista AS work_orders_data_fine_prevista, work_orders.data_completamento AS work_orders_data_completamento, work_orders.stato AS work_orders_stato, work_orders.priorita AS work_orders_priorita, work_orders.valutazione_danno AS work_orders_valutazione_danno, work_orders.note AS work_orders_note, work_orders.creato_da AS work_orders_creato_da, work_orders.approvato_da AS work_orders_approvato_da, work_orders.auto_cortesia_id AS work_orders_auto_cortesia_id, work_orders.costo_stimato AS work_orders_costo_stimato, work_orders.costo_finale AS work_orders_costo_finale, work_orders.google_event_id AS work_orders_google_event_id, work_orders.created_at AS work_orders_created_at, work_orders.updated_at AS work_orders_updated_at 
FROM work_orders) AS anon_1
2026-02-19 09:02:34,973 INFO sqlalchemy.engine.Engine SELECT users.id AS users_id, users.username AS users_username, users.email AS users_email, users.password_hash AS users_password_hash, users.ruolo AS users_ruolo, users.nome AS users_nome, users.cognome AS users_cognome, users.attivo AS users_attivo, users.ultimo_accesso AS users_ultimo_accesso, users.created_at AS users_created_at, users.updated_at AS users_updated_at 
FROM users 
WHERE users.id = ?
 LIMIT ? OFFSET ?
2026-02-19 09:02:34,973 INFO sqlalchemy.engine.Engine SELECT users.id AS users_id, users.username AS users_username, users.email AS users_email, users.password_hash AS users_password_hash, users.ruolo AS users_ruolo, users.nome AS users_nome, users.cognome AS users_cognome, users.attivo AS users_attivo, users.ultimo_accesso AS users_ultimo_accesso, users.created_at AS users_created_at, users.updated_at AS users_updated_at 
FROM users 
WHERE users.id = ?
 LIMIT ? OFFSET ?
2026-02-19 09:02:34,973 INFO sqlalchemy.engine.Engine [cached since 0.7529s ago] (1, 1, 0)
2026-02-19 09:02:34,978 INFO sqlalchemy.engine.Engine SELECT count(*) AS count_1 
FROM (SELECT customers.id AS customers_id, customers.tipo AS customers_tipo, customers.nome AS customers_nome, customers.cognome AS customers_cognome, customers.ragione_sociale AS customers_ragione_sociale, customers.codice_fiscale AS customers_codice_fiscale, customers.partita_iva AS customers_partita_iva, customers.telefono AS customers_telefono, customers.cellulare AS customers_cellulare, customers.email AS customers_email, customers.indirizzo AS customers_indirizzo, customers.citta AS customers_citta, customers.cap AS customers_cap, customers.provincia AS customers_provincia, customers.preferenze_notifica AS customers_preferenze_notifica, customers.note AS customers_note, customers.created_at AS customers_created_at, customers.updated_at AS customers_updated_at 
FROM customers) AS anon_1
2026-02-19 09:02:34,978 INFO sqlalchemy.engine.Engine SELECT users.id AS users_id, users.username AS users_username, users.email AS users_email, users.password_hash AS users_password_hash, users.ruolo AS users_ruolo, users.nome AS users_nome, users.cognome AS users_cognome, users.attivo AS users_attivo, users.ultimo_accesso AS users_ultimo_accesso, users.created_at AS users_created_at, users.updated_at AS users_updated_at 
FROM users 
WHERE users.id = ?
 LIMIT ? OFFSET ?
2026-02-19 09:02:34,979 INFO sqlalchemy.engine.Engine [cached since 0.7583s ago] (1, 1, 0)
2026-02-19 09:02:34,978 INFO sqlalchemy.engine.Engine [generated in 0.00591s] ()
2026-02-19 09:02:34,978 INFO sqlalchemy.engine.Engine [cached since 0.758s ago] (1, 1, 0)
2026-02-19 09:02:34,979 INFO sqlalchemy.engine.Engine [generated in 0.00102s] ()
2026-02-19 09:02:34,978 INFO sqlalchemy.engine.Engine [cached since 0.7579s ago] (1, 1, 0)
2026-02-19 09:02:34,981 INFO sqlalchemy.engine.Engine SELECT customers.id AS customers_id, customers.tipo AS customers_tipo, customers.nome AS customers_nome, customers.cognome AS customers_cognome, customers.ragione_sociale AS customers_ragione_sociale, customers.codice_fiscale AS customers_codice_fiscale, customers.partita_iva AS customers_partita_iva, customers.telefono AS customers_telefono, customers.cellulare AS customers_cellulare, customers.email AS customers_email, customers.indirizzo AS customers_indirizzo, customers.citta AS customers_citta, customers.cap AS customers_cap, customers.provincia AS customers_provincia, customers.preferenze_notifica AS customers_preferenze_notifica, customers.note AS customers_note, customers.created_at AS customers_created_at, customers.updated_at AS customers_updated_at 
FROM customers
 LIMIT ? OFFSET ?
2026-02-19 09:02:34,981 INFO sqlalchemy.engine.Engine [generated in 0.00017s] (1000, 0)
2026-02-19 09:02:34,985 INFO sqlalchemy.engine.Engine SELECT work_orders.id AS work_orders_id, work_orders.numero_scheda AS work_orders_numero_scheda, work_orders.customer_id AS work_orders_customer_id, work_orders.vehicle_id AS work_orders_vehicle_id, work_orders.data_creazione AS work_orders_data_creazione, work_orders.data_compilazione AS work_orders_data_compilazione, work_orders.data_appuntamento AS work_orders_data_appuntamento, work_orders.data_fine_prevista AS work_orders_data_fine_prevista, work_orders.data_completamento AS work_orders_data_completamento, work_orders.stato AS work_orders_stato, work_orders.priorita AS work_orders_priorita, work_orders.valutazione_danno AS work_orders_valutazione_danno, work_orders.note AS work_orders_note, work_orders.creato_da AS work_orders_creato_da, work_orders.approvato_da AS work_orders_approvato_da, work_orders.auto_cortesia_id AS work_orders_auto_cortesia_id, work_orders.costo_stimato AS work_orders_costo_stimato, work_orders.costo_finale AS work_orders_costo_finale, work_orders.google_event_id AS work_orders_google_event_id, work_orders.created_at AS work_orders_created_at, work_orders.updated_at AS work_orders_updated_at 
FROM work_orders ORDER BY work_orders.created_at DESC
 LIMIT ? OFFSET ?
2026-02-19 09:02:34,986 INFO sqlalchemy.engine.Engine [generated in 0.00039s] (10, 0)
2026-02-19 09:02:34,994 INFO sqlalchemy.engine.Engine SELECT vehicles.id AS vehicles_id, vehicles.targa AS vehicles_targa, vehicles.telaio AS vehicles_telaio, vehicles.marca AS vehicles_marca, vehicles.modello AS vehicles_modello, vehicles.anno AS vehicles_anno, vehicles.colore AS vehicles_colore, vehicles.cilindrata AS vehicles_cilindrata, vehicles.kw AS vehicles_kw, vehicles.cv AS vehicles_cv, vehicles.porte AS vehicles_porte, vehicles.carburante AS vehicles_carburante, vehicles.prima_immatricolazione AS vehicles_prima_immatricolazione, vehicles.km_attuali AS vehicles_km_attuali, vehicles.customer_id AS vehicles_customer_id, vehicles.tipo AS vehicles_tipo, vehicles.courtesy_car AS vehicles_courtesy_car, vehicles.disponibile AS vehicles_disponibile, vehicles.note AS vehicles_note, vehicles.created_at AS vehicles_created_at, vehicles.updated_at AS vehicles_updated_at 
FROM vehicles 
WHERE vehicles.id IN (?, ?, ?, ?, ?, ?, ?, ?, ?, ?)
2026-02-19 09:02:34,994 INFO sqlalchemy.engine.Engine [generated in 0.00043s] (1, 2, 3, 4, 5, 6, 7, 8, 9, 10)
2026-02-19 09:02:35,001 INFO sqlalchemy.engine.Engine SELECT priority_types.id AS priority_types_id, priority_types.nome AS priority_types_nome, priority_types.descrizione AS priority_types_descrizione, priority_types.attivo AS priority_types_attivo, priority_types.created_at AS priority_types_created_at, priority_types.updated_at AS priority_types_updated_at 
FROM priority_types
2026-02-19 09:02:35,006 INFO sqlalchemy.engine.Engine [generated in 0.00438s] ()
2026-02-19 09:02:35,011 INFO sqlalchemy.engine.Engine SELECT work_order_status_types.id AS work_order_status_types_id, work_order_status_types.nome AS work_order_status_types_nome, work_order_status_types.descrizione AS work_order_status_types_descrizione, work_order_status_types.attivo AS work_order_status_types_attivo, work_order_status_types.created_at AS work_order_status_types_created_at, work_order_status_types.updated_at AS work_order_status_types_updated_at 
FROM work_order_status_types
2026-02-19 09:02:35,013 INFO sqlalchemy.engine.Engine SELECT customer_types.id AS customer_types_id, customer_types.nome AS customer_types_nome, customer_types.descrizione AS customer_types_descrizione, customer_types.attivo AS customer_types_attivo, customer_types.created_at AS customer_types_created_at, customer_types.updated_at AS customer_types_updated_at 
FROM customer_types
2026-02-19 09:02:35,013 INFO sqlalchemy.engine.Engine ROLLBACK
2026-02-19 09:02:35,014 INFO sqlalchemy.engine.Engine [generated in 0.00231s] ()
INFO:     127.0.0.1:64958 - "GET /api/v1/customers/?skip=0&limit=1000 HTTP/1.1" 200 OK
2026-02-19 09:02:35,017 INFO sqlalchemy.engine.Engine SELECT count(*) AS count_1 
FROM (SELECT vehicles.id AS vehicles_id, vehicles.targa AS vehicles_targa, vehicles.telaio AS vehicles_telaio, vehicles.marca AS vehicles_marca, vehicles.modello AS vehicles_modello, vehicles.anno AS vehicles_anno, vehicles.colore AS vehicles_colore, vehicles.cilindrata AS vehicles_cilindrata, vehicles.kw AS vehicles_kw, vehicles.cv AS vehicles_cv, vehicles.porte AS vehicles_porte, vehicles.carburante AS vehicles_carburante, vehicles.prima_immatricolazione AS vehicles_prima_immatricolazione, vehicles.km_attuali AS vehicles_km_attuali, vehicles.customer_id AS vehicles_customer_id, vehicles.tipo AS vehicles_tipo, vehicles.courtesy_car AS vehicles_courtesy_car, vehicles.disponibile AS vehicles_disponibile, vehicles.note AS vehicles_note, vehicles.created_at AS vehicles_created_at, vehicles.updated_at AS vehicles_updated_at 
FROM vehicles) AS anon_1
2026-02-19 09:02:35,020 INFO sqlalchemy.engine.Engine SELECT customers.id AS customers_id, customers.tipo AS customers_tipo, customers.nome AS customers_nome, customers.cognome AS customers_cognome, customers.ragione_sociale AS customers_ragione_sociale, customers.codice_fiscale AS customers_codice_fiscale, customers.partita_iva AS customers_partita_iva, customers.telefono AS customers_telefono, customers.cellulare AS customers_cellulare, customers.email AS customers_email, customers.indirizzo AS customers_indirizzo, customers.citta AS customers_citta, customers.cap AS customers_cap, customers.provincia AS customers_provincia, customers.preferenze_notifica AS customers_preferenze_notifica, customers.note AS customers_note, customers.created_at AS customers_created_at, customers.updated_at AS customers_updated_at 
FROM customers 
WHERE customers.id IN (?, ?, ?, ?, ?, ?)
2026-02-19 09:02:35,020 INFO sqlalchemy.engine.Engine [generated in 0.00692s] ()
2026-02-19 09:02:35,022 INFO sqlalchemy.engine.Engine [generated in 0.00493s] ()
2026-02-19 09:02:35,023 INFO sqlalchemy.engine.Engine [generated in 0.00319s] (1, 2, 3, 4, 5, 6)
2026-02-19 09:02:35,023 INFO sqlalchemy.engine.Engine ROLLBACK
2026-02-19 09:02:35,027 INFO sqlalchemy.engine.Engine SELECT vehicles.id AS vehicles_id, vehicles.targa AS vehicles_targa, vehicles.telaio AS vehicles_telaio, vehicles.marca AS vehicles_marca, vehicles.modello AS vehicles_modello, vehicles.anno AS vehicles_anno, vehicles.colore AS vehicles_colore, vehicles.cilindrata AS vehicles_cilindrata, vehicles.kw AS vehicles_kw, vehicles.cv AS vehicles_cv, vehicles.porte AS vehicles_porte, vehicles.carburante AS vehicles_carburante, vehicles.prima_immatricolazione AS vehicles_prima_immatricolazione, vehicles.km_attuali AS vehicles_km_attuali, vehicles.customer_id AS vehicles_customer_id, vehicles.tipo AS vehicles_tipo, vehicles.courtesy_car AS vehicles_courtesy_car, vehicles.disponibile AS vehicles_disponibile, vehicles.note AS vehicles_note, vehicles.created_at AS vehicles_created_at, vehicles.updated_at AS vehicles_updated_at 
FROM vehicles
 LIMIT ? OFFSET ?
INFO:     127.0.0.1:64963 - "GET /api/v1/system-tables/priority-types HTTP/1.1" 200 OK
2026-02-19 09:02:35,029 INFO sqlalchemy.engine.Engine [generated in 0.00239s] (1000, 0)
2026-02-19 09:02:35,030 INFO sqlalchemy.engine.Engine ROLLBACK
INFO:     127.0.0.1:64966 - "GET /api/v1/system-tables/work-order-status-types HTTP/1.1" 200 OK
2026-02-19 09:02:35,030 INFO sqlalchemy.engine.Engine ROLLBACK
INFO:     127.0.0.1:64965 - "GET /api/v1/system-tables/customer-types HTTP/1.1" 200 OK
2026-02-19 09:02:35,036 INFO sqlalchemy.engine.Engine ROLLBACK
INFO:     127.0.0.1:64945 - "GET /api/v1/work-orders/?skip=0&limit=10 HTTP/1.1" 500 Internal Server Error
ERROR:    Exception in ASGI application
Traceback (most recent call last):
  File "/Users/francescodesimone/Sviluppo Python/garage-management/backend/venv/lib/python3.11/site-packages/uvicorn/protocols/http/httptools_impl.py", line 419, in run_asgi
    result = await app(  # type: ignore[func-returns-value]
             ^^^^^^^^^^^^^^^^^^^^^^^^^^^^^^^^^^^^^^^^^^^^^^
  File "/Users/francescodesimone/Sviluppo Python/garage-management/backend/venv/lib/python3.11/site-packages/uvicorn/middleware/proxy_headers.py", line 84, in __call__
    return await self.app(scope, receive, send)
           ^^^^^^^^^^^^^^^^^^^^^^^^^^^^^^^^^^^^
  File "/Users/francescodesimone/Sviluppo Python/garage-management/backend/venv/lib/python3.11/site-packages/fastapi/applications.py", line 1054, in __call__
    await super().__call__(scope, receive, send)
  File "/Users/francescodesimone/Sviluppo Python/garage-management/backend/venv/lib/python3.11/site-packages/starlette/applications.py", line 123, in __call__
    await self.middleware_stack(scope, receive, send)
  File "/Users/francescodesimone/Sviluppo Python/garage-management/backend/venv/lib/python3.11/site-packages/starlette/middleware/errors.py", line 186, in __call__
    raise exc
  File "/Users/francescodesimone/Sviluppo Python/garage-management/backend/venv/lib/python3.11/site-packages/starlette/middleware/errors.py", line 164, in __call__
    await self.app(scope, receive, _send)
  File "/Users/francescodesimone/Sviluppo Python/garage-management/backend/venv/lib/python3.11/site-packages/starlette/middleware/cors.py", line 91, in __call__
    await self.simple_response(scope, receive, send, request_headers=headers)
  File "/Users/francescodesimone/Sviluppo Python/garage-management/backend/venv/lib/python3.11/site-packages/starlette/middleware/cors.py", line 146, in simple_response
    await self.app(scope, receive, send)
  File "/Users/francescodesimone/Sviluppo Python/garage-management/backend/venv/lib/python3.11/site-packages/starlette/middleware/exceptions.py", line 62, in __call__
    await wrap_app_handling_exceptions(self.app, conn)(scope, receive, send)
  File "/Users/francescodesimone/Sviluppo Python/garage-management/backend/venv/lib/python3.11/site-packages/starlette/_exception_handler.py", line 64, in wrapped_app
    raise exc
  File "/Users/francescodesimone/Sviluppo Python/garage-management/backend/venv/lib/python3.11/site-packages/starlette/_exception_handler.py", line 53, in wrapped_app
    await app(scope, receive, sender)
  File "/Users/francescodesimone/Sviluppo Python/garage-management/backend/venv/lib/python3.11/site-packages/starlette/routing.py", line 762, in __call__
    await self.middleware_stack(scope, receive, send)
  File "/Users/francescodesimone/Sviluppo Python/garage-management/backend/venv/lib/python3.11/site-packages/starlette/routing.py", line 782, in app
    await route.handle(scope, receive, send)
  File "/Users/francescodesimone/Sviluppo Python/garage-management/backend/venv/lib/python3.11/site-packages/starlette/routing.py", line 297, in handle
    await self.app(scope, receive, send)
  File "/Users/francescodesimone/Sviluppo Python/garage-management/backend/venv/lib/python3.11/site-packages/starlette/routing.py", line 77, in app
    await wrap_app_handling_exceptions(app, request)(scope, receive, send)
  File "/Users/francescodesimone/Sviluppo Python/garage-management/backend/venv/lib/python3.11/site-packages/starlette/_exception_handler.py", line 64, in wrapped_app
    raise exc
  File "/Users/francescodesimone/Sviluppo Python/garage-management/backend/venv/lib/python3.11/site-packages/starlette/_exception_handler.py", line 53, in wrapped_app
    await app(scope, receive, sender)
  File "/Users/francescodesimone/Sviluppo Python/garage-management/backend/venv/lib/python3.11/site-packages/starlette/routing.py", line 72, in app
    response = await func(request)
               ^^^^^^^^^^^^^^^^^^^
  File "/Users/francescodesimone/Sviluppo Python/garage-management/backend/venv/lib/python3.11/site-packages/fastapi/routing.py", line 299, in app
    raise e
  File "/Users/francescodesimone/Sviluppo Python/garage-management/backend/venv/lib/python3.11/site-packages/fastapi/routing.py", line 294, in app
    raw_response = await run_endpoint_function(
                   ^^^^^^^^^^^^^^^^^^^^^^^^^^^^
  File "/Users/francescodesimone/Sviluppo Python/garage-management/backend/venv/lib/python3.11/site-packages/fastapi/routing.py", line 193, in run_endpoint_function
    return await run_in_threadpool(dependant.call, **values)
           ^^^^^^^^^^^^^^^^^^^^^^^^^^^^^^^^^^^^^^^^^^^^^^^^^
  File "/Users/francescodesimone/Sviluppo Python/garage-management/backend/venv/lib/python3.11/site-packages/starlette/concurrency.py", line 40, in run_in_threadpool
    return await anyio.to_thread.run_sync(func, *args)
           ^^^^^^^^^^^^^^^^^^^^^^^^^^^^^^^^^^^^^^^^^^^
  File "/Users/francescodesimone/Sviluppo Python/garage-management/backend/venv/lib/python3.11/site-packages/anyio/to_thread.py", line 63, in run_sync
    return await get_async_backend().run_sync_in_worker_thread(
           ^^^^^^^^^^^^^^^^^^^^^^^^^^^^^^^^^^^^^^^^^^^^^^^^^^^^
  File "/Users/francescodesimone/Sviluppo Python/garage-management/backend/venv/lib/python3.11/site-packages/anyio/_backends/_asyncio.py", line 2502, in run_sync_in_worker_thread
    return await future
           ^^^^^^^^^^^^
  File "/Users/francescodesimone/Sviluppo Python/garage-management/backend/venv/lib/python3.11/site-packages/anyio/_backends/_asyncio.py", line 986, in run
    result = context.run(func, *args)
             ^^^^^^^^^^^^^^^^^^^^^^^^
  File "/Users/francescodesimone/Sviluppo Python/garage-management/backend/app/api/v1/endpoints/work_orders.py", line 95, in read_work_orders
    wo_data = WorkOrderResponse.model_validate(wo).model_dump()
              ^^^^^^^^^^^^^^^^^^^^^^^^^^^^^^^^^^^^
  File "/Users/francescodesimone/Sviluppo Python/garage-management/backend/venv/lib/python3.11/site-packages/pydantic/main.py", line 503, in model_validate
    return cls.__pydantic_validator__.validate_python(
           ^^^^^^^^^^^^^^^^^^^^^^^^^^^^^^^^^^^^^^^^^^^
pydantic_core._pydantic_core.ValidationError: 1 validation error for WorkOrder
data_fine_prevista
  Value error, Data fine prevista non può essere prima della data appuntamento [type=value_error, input_value=datetime.datetime(2026, 2, 20, 15, 8, 3, 864805), input_type=datetime]
    For further information visit https://errors.pydantic.dev/2.5/v/value_error
2026-02-19 09:02:35,064 INFO sqlalchemy.engine.Engine ROLLBACK
INFO:     127.0.0.1:64961 - "GET /api/v1/vehicles/?skip=0&limit=1000 HTTP/1.1" 200 OK
2026-02-19 09:02:36,084 INFO sqlalchemy.engine.Engine BEGIN (implicit)
2026-02-19 09:02:36,085 INFO sqlalchemy.engine.Engine SELECT users.id AS users_id, users.username AS users_username, users.email AS users_email, users.password_hash AS users_password_hash, users.ruolo AS users_ruolo, users.nome AS users_nome, users.cognome AS users_cognome, users.attivo AS users_attivo, users.ultimo_accesso AS users_ultimo_accesso, users.created_at AS users_created_at, users.updated_at AS users_updated_at 
FROM users 
WHERE users.id = ?
 LIMIT ? OFFSET ?
2026-02-19 09:02:36,085 INFO sqlalchemy.engine.Engine [cached since 1.864s ago] (1, 1, 0)
2026-02-19 09:02:36,086 INFO sqlalchemy.engine.Engine SELECT count(*) AS count_1 
FROM (SELECT work_orders.id AS work_orders_id, work_orders.numero_scheda AS work_orders_numero_scheda, work_orders.customer_id AS work_orders_customer_id, work_orders.vehicle_id AS work_orders_vehicle_id, work_orders.data_creazione AS work_orders_data_creazione, work_orders.data_compilazione AS work_orders_data_compilazione, work_orders.data_appuntamento AS work_orders_data_appuntamento, work_orders.data_fine_prevista AS work_orders_data_fine_prevista, work_orders.data_completamento AS work_orders_data_completamento, work_orders.stato AS work_orders_stato, work_orders.priorita AS work_orders_priorita, work_orders.valutazione_danno AS work_orders_valutazione_danno, work_orders.note AS work_orders_note, work_orders.creato_da AS work_orders_creato_da, work_orders.approvato_da AS work_orders_approvato_da, work_orders.auto_cortesia_id AS work_orders_auto_cortesia_id, work_orders.costo_stimato AS work_orders_costo_stimato, work_orders.costo_finale AS work_orders_costo_finale, work_orders.google_event_id AS work_orders_google_event_id, work_orders.created_at AS work_orders_created_at, work_orders.updated_at AS work_orders_updated_at 
FROM work_orders) AS anon_1
2026-02-19 09:02:36,086 INFO sqlalchemy.engine.Engine [cached since 1.114s ago] ()
2026-02-19 09:02:36,087 INFO sqlalchemy.engine.Engine SELECT work_orders.id AS work_orders_id, work_orders.numero_scheda AS work_orders_numero_scheda, work_orders.customer_id AS work_orders_customer_id, work_orders.vehicle_id AS work_orders_vehicle_id, work_orders.data_creazione AS work_orders_data_creazione, work_orders.data_compilazione AS work_orders_data_compilazione, work_orders.data_appuntamento AS work_orders_data_appuntamento, work_orders.data_fine_prevista AS work_orders_data_fine_prevista, work_orders.data_completamento AS work_orders_data_completamento, work_orders.stato AS work_orders_stato, work_orders.priorita AS work_orders_priorita, work_orders.valutazione_danno AS work_orders_valutazione_danno, work_orders.note AS work_orders_note, work_orders.creato_da AS work_orders_creato_da, work_orders.approvato_da AS work_orders_approvato_da, work_orders.auto_cortesia_id AS work_orders_auto_cortesia_id, work_orders.costo_stimato AS work_orders_costo_stimato, work_orders.costo_finale AS work_orders_costo_finale, work_orders.google_event_id AS work_orders_google_event_id, work_orders.created_at AS work_orders_created_at, work_orders.updated_at AS work_orders_updated_at 
FROM work_orders ORDER BY work_orders.created_at DESC
 LIMIT ? OFFSET ?
2026-02-19 09:02:36,087 INFO sqlalchemy.engine.Engine [cached since 1.102s ago] (10, 0)
2026-02-19 09:02:36,089 INFO sqlalchemy.engine.Engine SELECT vehicles.id AS vehicles_id, vehicles.targa AS vehicles_targa, vehicles.telaio AS vehicles_telaio, vehicles.marca AS vehicles_marca, vehicles.modello AS vehicles_modello, vehicles.anno AS vehicles_anno, vehicles.colore AS vehicles_colore, vehicles.cilindrata AS vehicles_cilindrata, vehicles.kw AS vehicles_kw, vehicles.cv AS vehicles_cv, vehicles.porte AS vehicles_porte, vehicles.carburante AS vehicles_carburante, vehicles.prima_immatricolazione AS vehicles_prima_immatricolazione, vehicles.km_attuali AS vehicles_km_attuali, vehicles.customer_id AS vehicles_customer_id, vehicles.tipo AS vehicles_tipo, vehicles.courtesy_car AS vehicles_courtesy_car, vehicles.disponibile AS vehicles_disponibile, vehicles.note AS vehicles_note, vehicles.created_at AS vehicles_created_at, vehicles.updated_at AS vehicles_updated_at 
FROM vehicles 
WHERE vehicles.id IN (?, ?, ?, ?, ?, ?, ?, ?, ?, ?)
2026-02-19 09:02:36,089 INFO sqlalchemy.engine.Engine [cached since 1.095s ago] (1, 2, 3, 4, 5, 6, 7, 8, 9, 10)
2026-02-19 09:02:36,104 INFO sqlalchemy.engine.Engine SELECT customers.id AS customers_id, customers.tipo AS customers_tipo, customers.nome AS customers_nome, customers.cognome AS customers_cognome, customers.ragione_sociale AS customers_ragione_sociale, customers.codice_fiscale AS customers_codice_fiscale, customers.partita_iva AS customers_partita_iva, customers.telefono AS customers_telefono, customers.cellulare AS customers_cellulare, customers.email AS customers_email, customers.indirizzo AS customers_indirizzo, customers.citta AS customers_citta, customers.cap AS customers_cap, customers.provincia AS customers_provincia, customers.preferenze_notifica AS customers_preferenze_notifica, customers.note AS customers_note, customers.created_at AS customers_created_at, customers.updated_at AS customers_updated_at 
FROM customers 
WHERE customers.id IN (?, ?, ?, ?, ?, ?)
2026-02-19 09:02:36,104 INFO sqlalchemy.engine.Engine [cached since 1.084s ago] (1, 2, 3, 4, 5, 6)
2026-02-19 09:02:36,106 INFO sqlalchemy.engine.Engine ROLLBACK
INFO:     127.0.0.1:64961 - "GET /api/v1/work-orders/?skip=0&limit=10 HTTP/1.1" 500 Internal Server Error
ERROR:    Exception in ASGI application
Traceback (most recent call last):
  File "/Users/francescodesimone/Sviluppo Python/garage-management/backend/venv/lib/python3.11/site-packages/uvicorn/protocols/http/httptools_impl.py", line 419, in run_asgi
    result = await app(  # type: ignore[func-returns-value]
             ^^^^^^^^^^^^^^^^^^^^^^^^^^^^^^^^^^^^^^^^^^^^^^
  File "/Users/francescodesimone/Sviluppo Python/garage-management/backend/venv/lib/python3.11/site-packages/uvicorn/middleware/proxy_headers.py", line 84, in __call__
    return await self.app(scope, receive, send)
           ^^^^^^^^^^^^^^^^^^^^^^^^^^^^^^^^^^^^
  File "/Users/francescodesimone/Sviluppo Python/garage-management/backend/venv/lib/python3.11/site-packages/fastapi/applications.py", line 1054, in __call__
    await super().__call__(scope, receive, send)
  File "/Users/francescodesimone/Sviluppo Python/garage-management/backend/venv/lib/python3.11/site-packages/starlette/applications.py", line 123, in __call__
    await self.middleware_stack(scope, receive, send)
  File "/Users/francescodesimone/Sviluppo Python/garage-management/backend/venv/lib/python3.11/site-packages/starlette/middleware/errors.py", line 186, in __call__
    raise exc
  File "/Users/francescodesimone/Sviluppo Python/garage-management/backend/venv/lib/python3.11/site-packages/starlette/middleware/errors.py", line 164, in __call__
    await self.app(scope, receive, _send)
  File "/Users/francescodesimone/Sviluppo Python/garage-management/backend/venv/lib/python3.11/site-packages/starlette/middleware/cors.py", line 91, in __call__
    await self.simple_response(scope, receive, send, request_headers=headers)
  File "/Users/francescodesimone/Sviluppo Python/garage-management/backend/venv/lib/python3.11/site-packages/starlette/middleware/cors.py", line 146, in simple_response
    await self.app(scope, receive, send)
  File "/Users/francescodesimone/Sviluppo Python/garage-management/backend/venv/lib/python3.11/site-packages/starlette/middleware/exceptions.py", line 62, in __call__
    await wrap_app_handling_exceptions(self.app, conn)(scope, receive, send)
  File "/Users/francescodesimone/Sviluppo Python/garage-management/backend/venv/lib/python3.11/site-packages/starlette/_exception_handler.py", line 64, in wrapped_app
    raise exc
  File "/Users/francescodesimone/Sviluppo Python/garage-management/backend/venv/lib/python3.11/site-packages/starlette/_exception_handler.py", line 53, in wrapped_app
    await app(scope, receive, sender)
  File "/Users/francescodesimone/Sviluppo Python/garage-management/backend/venv/lib/python3.11/site-packages/starlette/routing.py", line 762, in __call__
    await self.middleware_stack(scope, receive, send)
  File "/Users/francescodesimone/Sviluppo Python/garage-management/backend/venv/lib/python3.11/site-packages/starlette/routing.py", line 782, in app
    await route.handle(scope, receive, send)
  File "/Users/francescodesimone/Sviluppo Python/garage-management/backend/venv/lib/python3.11/site-packages/starlette/routing.py", line 297, in handle
    await self.app(scope, receive, send)
  File "/Users/francescodesimone/Sviluppo Python/garage-management/backend/venv/lib/python3.11/site-packages/starlette/routing.py", line 77, in app
    await wrap_app_handling_exceptions(app, request)(scope, receive, send)
  File "/Users/francescodesimone/Sviluppo Python/garage-management/backend/venv/lib/python3.11/site-packages/starlette/_exception_handler.py", line 64, in wrapped_app
    raise exc
  File "/Users/francescodesimone/Sviluppo Python/garage-management/backend/venv/lib/python3.11/site-packages/starlette/_exception_handler.py", line 53, in wrapped_app
    await app(scope, receive, sender)
  File "/Users/francescodesimone/Sviluppo Python/garage-management/backend/venv/lib/python3.11/site-packages/starlette/routing.py", line 72, in app
    response = await func(request)
               ^^^^^^^^^^^^^^^^^^^
  File "/Users/francescodesimone/Sviluppo Python/garage-management/backend/venv/lib/python3.11/site-packages/fastapi/routing.py", line 299, in app
    raise e
  File "/Users/francescodesimone/Sviluppo Python/garage-management/backend/venv/lib/python3.11/site-packages/fastapi/routing.py", line 294, in app
    raw_response = await run_endpoint_function(
                   ^^^^^^^^^^^^^^^^^^^^^^^^^^^^
  File "/Users/francescodesimone/Sviluppo Python/garage-management/backend/venv/lib/python3.11/site-packages/fastapi/routing.py", line 193, in run_endpoint_function
    return await run_in_threadpool(dependant.call, **values)
           ^^^^^^^^^^^^^^^^^^^^^^^^^^^^^^^^^^^^^^^^^^^^^^^^^
  File "/Users/francescodesimone/Sviluppo Python/garage-management/backend/venv/lib/python3.11/site-packages/starlette/concurrency.py", line 40, in run_in_threadpool
    return await anyio.to_thread.run_sync(func, *args)
           ^^^^^^^^^^^^^^^^^^^^^^^^^^^^^^^^^^^^^^^^^^^
  File "/Users/francescodesimone/Sviluppo Python/garage-management/backend/venv/lib/python3.11/site-packages/anyio/to_thread.py", line 63, in run_sync
    return await get_async_backend().run_sync_in_worker_thread(
           ^^^^^^^^^^^^^^^^^^^^^^^^^^^^^^^^^^^^^^^^^^^^^^^^^^^^
  File "/Users/francescodesimone/Sviluppo Python/garage-management/backend/venv/lib/python3.11/site-packages/anyio/_backends/_asyncio.py", line 2502, in run_sync_in_worker_thread
    return await future
           ^^^^^^^^^^^^
  File "/Users/francescodesimone/Sviluppo Python/garage-management/backend/venv/lib/python3.11/site-packages/anyio/_backends/_asyncio.py", line 986, in run
    result = context.run(func, *args)
             ^^^^^^^^^^^^^^^^^^^^^^^^
  File "/Users/francescodesimone/Sviluppo Python/garage-management/backend/app/api/v1/endpoints/work_orders.py", line 95, in read_work_orders
    wo_data = WorkOrderResponse.model_validate(wo).model_dump()
              ^^^^^^^^^^^^^^^^^^^^^^^^^^^^^^^^^^^^
  File "/Users/francescodesimone/Sviluppo Python/garage-management/backend/venv/lib/python3.11/site-packages/pydantic/main.py", line 503, in model_validate
    return cls.__pydantic_validator__.validate_python(
           ^^^^^^^^^^^^^^^^^^^^^^^^^^^^^^^^^^^^^^^^^^^
pydantic_core._pydantic_core.ValidationError: 1 validation error for WorkOrder
data_fine_prevista
  Value error, Data fine prevista non può essere prima della data appuntamento [type=value_error, input_value=datetime.datetime(2026, 2, 20, 15, 8, 3, 864805), input_type=datetime]
    For further information visit https://errors.pydantic.dev/2.5/v/value_error
INFO:     127.0.0.1:64953 - "OPTIONS /api/v1/auth/me HTTP/1.1" 200 OK
INFO:     127.0.0.1:64941 - "OPTIONS /api/v1/auth/me HTTP/1.1" 200 OK
2026-02-19 09:02:39,551 INFO sqlalchemy.engine.Engine BEGIN (implicit)
2026-02-19 09:02:39,551 INFO sqlalchemy.engine.Engine SELECT users.id AS users_id, users.username AS users_username, users.email AS users_email, users.password_hash AS users_password_hash, users.ruolo AS users_ruolo, users.nome AS users_nome, users.cognome AS users_cognome, users.attivo AS users_attivo, users.ultimo_accesso AS users_ultimo_accesso, users.created_at AS users_created_at, users.updated_at AS users_updated_at 
FROM users 
WHERE users.id = ?
 LIMIT ? OFFSET ?
2026-02-19 09:02:39,552 INFO sqlalchemy.engine.Engine BEGIN (implicit)
2026-02-19 09:02:39,552 INFO sqlalchemy.engine.Engine [cached since 5.331s ago] (1, 1, 0)
2026-02-19 09:02:39,552 INFO sqlalchemy.engine.Engine SELECT users.id AS users_id, users.username AS users_username, users.email AS users_email, users.password_hash AS users_password_hash, users.ruolo AS users_ruolo, users.nome AS users_nome, users.cognome AS users_cognome, users.attivo AS users_attivo, users.ultimo_accesso AS users_ultimo_accesso, users.created_at AS users_created_at, users.updated_at AS users_updated_at 
FROM users 
WHERE users.id = ?
 LIMIT ? OFFSET ?
2026-02-19 09:02:39,552 INFO sqlalchemy.engine.Engine [cached since 5.332s ago] (1, 1, 0)
2026-02-19 09:02:39,553 INFO sqlalchemy.engine.Engine ROLLBACK
2026-02-19 09:02:39,554 INFO sqlalchemy.engine.Engine ROLLBACK
INFO:     127.0.0.1:64965 - "GET /api/v1/auth/me HTTP/1.1" 200 OK
INFO:     127.0.0.1:64966 - "GET /api/v1/auth/me HTTP/1.1" 200 OK
2026-02-19 09:02:40,208 INFO sqlalchemy.engine.Engine BEGIN (implicit)
2026-02-19 09:02:40,208 INFO sqlalchemy.engine.Engine SELECT users.id AS users_id, users.username AS users_username, users.email AS users_email, users.password_hash AS users_password_hash, users.ruolo AS users_ruolo, users.nome AS users_nome, users.cognome AS users_cognome, users.attivo AS users_attivo, users.ultimo_accesso AS users_ultimo_accesso, users.created_at AS users_created_at, users.updated_at AS users_updated_at 
FROM users 
WHERE users.id = ?
 LIMIT ? OFFSET ?
2026-02-19 09:02:40,208 INFO sqlalchemy.engine.Engine [cached since 5.988s ago] (1, 1, 0)
2026-02-19 09:02:40,213 INFO sqlalchemy.engine.Engine BEGIN (implicit)
2026-02-19 09:02:40,214 INFO sqlalchemy.engine.Engine SELECT users.id AS users_id, users.username AS users_username, users.email AS users_email, users.password_hash AS users_password_hash, users.ruolo AS users_ruolo, users.nome AS users_nome, users.cognome AS users_cognome, users.attivo AS users_attivo, users.ultimo_accesso AS users_ultimo_accesso, users.created_at AS users_created_at, users.updated_at AS users_updated_at 
FROM users 
WHERE users.id = ?
 LIMIT ? OFFSET ?
2026-02-19 09:02:40,217 INFO sqlalchemy.engine.Engine [cached since 5.996s ago] (1, 1, 0)
2026-02-19 09:02:40,220 INFO sqlalchemy.engine.Engine BEGIN (implicit)
2026-02-19 09:02:40,220 INFO sqlalchemy.engine.Engine SELECT users.id AS users_id, users.username AS users_username, users.email AS users_email, users.password_hash AS users_password_hash, users.ruolo AS users_ruolo, users.nome AS users_nome, users.cognome AS users_cognome, users.attivo AS users_attivo, users.ultimo_accesso AS users_ultimo_accesso, users.created_at AS users_created_at, users.updated_at AS users_updated_at 
FROM users 
WHERE users.id = ?
 LIMIT ? OFFSET ?
2026-02-19 09:02:40,221 INFO sqlalchemy.engine.Engine BEGIN (implicit)
2026-02-19 09:02:40,221 INFO sqlalchemy.engine.Engine [cached since 6.001s ago] (1, 1, 0)
2026-02-19 09:02:40,222 INFO sqlalchemy.engine.Engine SELECT count(*) AS count_1 
FROM (SELECT customers.id AS customers_id, customers.tipo AS customers_tipo, customers.nome AS customers_nome, customers.cognome AS customers_cognome, customers.ragione_sociale AS customers_ragione_sociale, customers.codice_fiscale AS customers_codice_fiscale, customers.partita_iva AS customers_partita_iva, customers.telefono AS customers_telefono, customers.cellulare AS customers_cellulare, customers.email AS customers_email, customers.indirizzo AS customers_indirizzo, customers.citta AS customers_citta, customers.cap AS customers_cap, customers.provincia AS customers_provincia, customers.preferenze_notifica AS customers_preferenze_notifica, customers.note AS customers_note, customers.created_at AS customers_created_at, customers.updated_at AS customers_updated_at 
FROM customers) AS anon_1
2026-02-19 09:02:40,223 INFO sqlalchemy.engine.Engine SELECT count(*) AS count_1 
FROM (SELECT work_orders.id AS work_orders_id, work_orders.numero_scheda AS work_orders_numero_scheda, work_orders.customer_id AS work_orders_customer_id, work_orders.vehicle_id AS work_orders_vehicle_id, work_orders.data_creazione AS work_orders_data_creazione, work_orders.data_compilazione AS work_orders_data_compilazione, work_orders.data_appuntamento AS work_orders_data_appuntamento, work_orders.data_fine_prevista AS work_orders_data_fine_prevista, work_orders.data_completamento AS work_orders_data_completamento, work_orders.stato AS work_orders_stato, work_orders.priorita AS work_orders_priorita, work_orders.valutazione_danno AS work_orders_valutazione_danno, work_orders.note AS work_orders_note, work_orders.creato_da AS work_orders_creato_da, work_orders.approvato_da AS work_orders_approvato_da, work_orders.auto_cortesia_id AS work_orders_auto_cortesia_id, work_orders.costo_stimato AS work_orders_costo_stimato, work_orders.costo_finale AS work_orders_costo_finale, work_orders.google_event_id AS work_orders_google_event_id, work_orders.created_at AS work_orders_created_at, work_orders.updated_at AS work_orders_updated_at 
FROM work_orders) AS anon_1
2026-02-19 09:02:40,223 INFO sqlalchemy.engine.Engine BEGIN (implicit)
2026-02-19 09:02:40,224 INFO sqlalchemy.engine.Engine SELECT users.id AS users_id, users.username AS users_username, users.email AS users_email, users.password_hash AS users_password_hash, users.ruolo AS users_ruolo, users.nome AS users_nome, users.cognome AS users_cognome, users.attivo AS users_attivo, users.ultimo_accesso AS users_ultimo_accesso, users.created_at AS users_created_at, users.updated_at AS users_updated_at 
FROM users 
WHERE users.id = ?
 LIMIT ? OFFSET ?
2026-02-19 09:02:40,224 INFO sqlalchemy.engine.Engine BEGIN (implicit)
2026-02-19 09:02:40,225 INFO sqlalchemy.engine.Engine [cached since 5.247s ago] ()
2026-02-19 09:02:40,225 INFO sqlalchemy.engine.Engine [cached since 5.253s ago] ()
2026-02-19 09:02:40,226 INFO sqlalchemy.engine.Engine SELECT users.id AS users_id, users.username AS users_username, users.email AS users_email, users.password_hash AS users_password_hash, users.ruolo AS users_ruolo, users.nome AS users_nome, users.cognome AS users_cognome, users.attivo AS users_attivo, users.ultimo_accesso AS users_ultimo_accesso, users.created_at AS users_created_at, users.updated_at AS users_updated_at 
FROM users 
WHERE users.id = ?
 LIMIT ? OFFSET ?
2026-02-19 09:02:40,226 INFO sqlalchemy.engine.Engine SELECT count(*) AS count_1 
FROM (SELECT vehicles.id AS vehicles_id, vehicles.targa AS vehicles_targa, vehicles.telaio AS vehicles_telaio, vehicles.marca AS vehicles_marca, vehicles.modello AS vehicles_modello, vehicles.anno AS vehicles_anno, vehicles.colore AS vehicles_colore, vehicles.cilindrata AS vehicles_cilindrata, vehicles.kw AS vehicles_kw, vehicles.cv AS vehicles_cv, vehicles.porte AS vehicles_porte, vehicles.carburante AS vehicles_carburante, vehicles.prima_immatricolazione AS vehicles_prima_immatricolazione, vehicles.km_attuali AS vehicles_km_attuali, vehicles.customer_id AS vehicles_customer_id, vehicles.tipo AS vehicles_tipo, vehicles.courtesy_car AS vehicles_courtesy_car, vehicles.disponibile AS vehicles_disponibile, vehicles.note AS vehicles_note, vehicles.created_at AS vehicles_created_at, vehicles.updated_at AS vehicles_updated_at 
FROM vehicles) AS anon_1
2026-02-19 09:02:40,228 INFO sqlalchemy.engine.Engine [cached since 5.211s ago] ()
2026-02-19 09:02:40,227 INFO sqlalchemy.engine.Engine SELECT users.id AS users_id, users.username AS users_username, users.email AS users_email, users.password_hash AS users_password_hash, users.ruolo AS users_ruolo, users.nome AS users_nome, users.cognome AS users_cognome, users.attivo AS users_attivo, users.ultimo_accesso AS users_ultimo_accesso, users.created_at AS users_created_at, users.updated_at AS users_updated_at 
FROM users 
WHERE users.id = ?
 LIMIT ? OFFSET ?
2026-02-19 09:02:40,227 INFO sqlalchemy.engine.Engine [cached since 6.007s ago] (1, 1, 0)
2026-02-19 09:02:40,227 INFO sqlalchemy.engine.Engine SELECT customers.id AS customers_id, customers.tipo AS customers_tipo, customers.nome AS customers_nome, customers.cognome AS customers_cognome, customers.ragione_sociale AS customers_ragione_sociale, customers.codice_fiscale AS customers_codice_fiscale, customers.partita_iva AS customers_partita_iva, customers.telefono AS customers_telefono, customers.cellulare AS customers_cellulare, customers.email AS customers_email, customers.indirizzo AS customers_indirizzo, customers.citta AS customers_citta, customers.cap AS customers_cap, customers.provincia AS customers_provincia, customers.preferenze_notifica AS customers_preferenze_notifica, customers.note AS customers_note, customers.created_at AS customers_created_at, customers.updated_at AS customers_updated_at 
FROM customers
 LIMIT ? OFFSET ?
2026-02-19 09:02:40,227 INFO sqlalchemy.engine.Engine [cached since 6.006s ago] (1, 1, 0)
2026-02-19 09:02:40,228 INFO sqlalchemy.engine.Engine [cached since 6.007s ago] (1, 1, 0)
2026-02-19 09:02:40,228 INFO sqlalchemy.engine.Engine SELECT vehicles.id AS vehicles_id, vehicles.targa AS vehicles_targa, vehicles.telaio AS vehicles_telaio, vehicles.marca AS vehicles_marca, vehicles.modello AS vehicles_modello, vehicles.anno AS vehicles_anno, vehicles.colore AS vehicles_colore, vehicles.cilindrata AS vehicles_cilindrata, vehicles.kw AS vehicles_kw, vehicles.cv AS vehicles_cv, vehicles.porte AS vehicles_porte, vehicles.carburante AS vehicles_carburante, vehicles.prima_immatricolazione AS vehicles_prima_immatricolazione, vehicles.km_attuali AS vehicles_km_attuali, vehicles.customer_id AS vehicles_customer_id, vehicles.tipo AS vehicles_tipo, vehicles.courtesy_car AS vehicles_courtesy_car, vehicles.disponibile AS vehicles_disponibile, vehicles.note AS vehicles_note, vehicles.created_at AS vehicles_created_at, vehicles.updated_at AS vehicles_updated_at 
FROM vehicles
 LIMIT ? OFFSET ?
2026-02-19 09:02:40,229 INFO sqlalchemy.engine.Engine SELECT work_orders.id AS work_orders_id, work_orders.numero_scheda AS work_orders_numero_scheda, work_orders.customer_id AS work_orders_customer_id, work_orders.vehicle_id AS work_orders_vehicle_id, work_orders.data_creazione AS work_orders_data_creazione, work_orders.data_compilazione AS work_orders_data_compilazione, work_orders.data_appuntamento AS work_orders_data_appuntamento, work_orders.data_fine_prevista AS work_orders_data_fine_prevista, work_orders.data_completamento AS work_orders_data_completamento, work_orders.stato AS work_orders_stato, work_orders.priorita AS work_orders_priorita, work_orders.valutazione_danno AS work_orders_valutazione_danno, work_orders.note AS work_orders_note, work_orders.creato_da AS work_orders_creato_da, work_orders.approvato_da AS work_orders_approvato_da, work_orders.auto_cortesia_id AS work_orders_auto_cortesia_id, work_orders.costo_stimato AS work_orders_costo_stimato, work_orders.costo_finale AS work_orders_costo_finale, work_orders.google_event_id AS work_orders_google_event_id, work_orders.created_at AS work_orders_created_at, work_orders.updated_at AS work_orders_updated_at 
FROM work_orders ORDER BY work_orders.created_at DESC
 LIMIT ? OFFSET ?
2026-02-19 09:02:40,229 INFO sqlalchemy.engine.Engine [cached since 5.248s ago] (1000, 0)
2026-02-19 09:02:40,230 INFO sqlalchemy.engine.Engine SELECT work_order_status_types.id AS work_order_status_types_id, work_order_status_types.nome AS work_order_status_types_nome, work_order_status_types.descrizione AS work_order_status_types_descrizione, work_order_status_types.attivo AS work_order_status_types_attivo, work_order_status_types.created_at AS work_order_status_types_created_at, work_order_status_types.updated_at AS work_order_status_types_updated_at 
FROM work_order_status_types
2026-02-19 09:02:40,230 INFO sqlalchemy.engine.Engine [cached since 5.203s ago] (1000, 0)
2026-02-19 09:02:40,230 INFO sqlalchemy.engine.Engine [cached since 5.245s ago] (10, 0)
2026-02-19 09:02:40,230 INFO sqlalchemy.engine.Engine SELECT priority_types.id AS priority_types_id, priority_types.nome AS priority_types_nome, priority_types.descrizione AS priority_types_descrizione, priority_types.attivo AS priority_types_attivo, priority_types.created_at AS priority_types_created_at, priority_types.updated_at AS priority_types_updated_at 
FROM priority_types
2026-02-19 09:02:40,231 INFO sqlalchemy.engine.Engine [cached since 5.219s ago] ()
2026-02-19 09:02:40,232 INFO sqlalchemy.engine.Engine [cached since 5.231s ago] ()
2026-02-19 09:02:40,233 INFO sqlalchemy.engine.Engine SELECT customer_types.id AS customer_types_id, customer_types.nome AS customer_types_nome, customer_types.descrizione AS customer_types_descrizione, customer_types.attivo AS customer_types_attivo, customer_types.created_at AS customer_types_created_at, customer_types.updated_at AS customer_types_updated_at 
FROM customer_types
2026-02-19 09:02:40,233 INFO sqlalchemy.engine.Engine [cached since 5.22s ago] ()
2026-02-19 09:02:40,237 INFO sqlalchemy.engine.Engine ROLLBACK
2026-02-19 09:02:40,238 INFO sqlalchemy.engine.Engine ROLLBACK
INFO:     127.0.0.1:65024 - "GET /api/v1/system-tables/customer-types HTTP/1.1" 200 OK
2026-02-19 09:02:40,238 INFO sqlalchemy.engine.Engine ROLLBACK
INFO:     127.0.0.1:65021 - "GET /api/v1/system-tables/priority-types HTTP/1.1" 200 OK
2026-02-19 09:02:40,238 INFO sqlalchemy.engine.Engine ROLLBACK
INFO:     127.0.0.1:65023 - "GET /api/v1/system-tables/work-order-status-types HTTP/1.1" 200 OK
2026-02-19 09:02:40,240 INFO sqlalchemy.engine.Engine SELECT vehicles.id AS vehicles_id, vehicles.targa AS vehicles_targa, vehicles.telaio AS vehicles_telaio, vehicles.marca AS vehicles_marca, vehicles.modello AS vehicles_modello, vehicles.anno AS vehicles_anno, vehicles.colore AS vehicles_colore, vehicles.cilindrata AS vehicles_cilindrata, vehicles.kw AS vehicles_kw, vehicles.cv AS vehicles_cv, vehicles.porte AS vehicles_porte, vehicles.carburante AS vehicles_carburante, vehicles.prima_immatricolazione AS vehicles_prima_immatricolazione, vehicles.km_attuali AS vehicles_km_attuali, vehicles.customer_id AS vehicles_customer_id, vehicles.tipo AS vehicles_tipo, vehicles.courtesy_car AS vehicles_courtesy_car, vehicles.disponibile AS vehicles_disponibile, vehicles.note AS vehicles_note, vehicles.created_at AS vehicles_created_at, vehicles.updated_at AS vehicles_updated_at 
FROM vehicles 
WHERE vehicles.id IN (?, ?, ?, ?, ?, ?, ?, ?, ?, ?)
INFO:     127.0.0.1:64965 - "GET /api/v1/customers/?skip=0&limit=1000 HTTP/1.1" 200 OK
2026-02-19 09:02:40,241 INFO sqlalchemy.engine.Engine [cached since 5.247s ago] (1, 2, 3, 4, 5, 6, 7, 8, 9, 10)
2026-02-19 09:02:40,243 INFO sqlalchemy.engine.Engine SELECT customers.id AS customers_id, customers.tipo AS customers_tipo, customers.nome AS customers_nome, customers.cognome AS customers_cognome, customers.ragione_sociale AS customers_ragione_sociale, customers.codice_fiscale AS customers_codice_fiscale, customers.partita_iva AS customers_partita_iva, customers.telefono AS customers_telefono, customers.cellulare AS customers_cellulare, customers.email AS customers_email, customers.indirizzo AS customers_indirizzo, customers.citta AS customers_citta, customers.cap AS customers_cap, customers.provincia AS customers_provincia, customers.preferenze_notifica AS customers_preferenze_notifica, customers.note AS customers_note, customers.created_at AS customers_created_at, customers.updated_at AS customers_updated_at 
FROM customers 
WHERE customers.id IN (?, ?, ?, ?, ?, ?)
2026-02-19 09:02:40,243 INFO sqlalchemy.engine.Engine [cached since 5.224s ago] (1, 2, 3, 4, 5, 6)
2026-02-19 09:02:40,244 INFO sqlalchemy.engine.Engine ROLLBACK
INFO:     127.0.0.1:65019 - "GET /api/v1/vehicles/?skip=0&limit=1000 HTTP/1.1" 200 OK
2026-02-19 09:02:40,245 INFO sqlalchemy.engine.Engine ROLLBACK
INFO:     127.0.0.1:64966 - "GET /api/v1/work-orders/?skip=0&limit=10 HTTP/1.1" 500 Internal Server Error
ERROR:    Exception in ASGI application
Traceback (most recent call last):
  File "/Users/francescodesimone/Sviluppo Python/garage-management/backend/venv/lib/python3.11/site-packages/uvicorn/protocols/http/httptools_impl.py", line 419, in run_asgi
    result = await app(  # type: ignore[func-returns-value]
             ^^^^^^^^^^^^^^^^^^^^^^^^^^^^^^^^^^^^^^^^^^^^^^
  File "/Users/francescodesimone/Sviluppo Python/garage-management/backend/venv/lib/python3.11/site-packages/uvicorn/middleware/proxy_headers.py", line 84, in __call__
    return await self.app(scope, receive, send)
           ^^^^^^^^^^^^^^^^^^^^^^^^^^^^^^^^^^^^
  File "/Users/francescodesimone/Sviluppo Python/garage-management/backend/venv/lib/python3.11/site-packages/fastapi/applications.py", line 1054, in __call__
    await super().__call__(scope, receive, send)
  File "/Users/francescodesimone/Sviluppo Python/garage-management/backend/venv/lib/python3.11/site-packages/starlette/applications.py", line 123, in __call__
    await self.middleware_stack(scope, receive, send)
  File "/Users/francescodesimone/Sviluppo Python/garage-management/backend/venv/lib/python3.11/site-packages/starlette/middleware/errors.py", line 186, in __call__
    raise exc
  File "/Users/francescodesimone/Sviluppo Python/garage-management/backend/venv/lib/python3.11/site-packages/starlette/middleware/errors.py", line 164, in __call__
    await self.app(scope, receive, _send)
  File "/Users/francescodesimone/Sviluppo Python/garage-management/backend/venv/lib/python3.11/site-packages/starlette/middleware/cors.py", line 91, in __call__
    await self.simple_response(scope, receive, send, request_headers=headers)
  File "/Users/francescodesimone/Sviluppo Python/garage-management/backend/venv/lib/python3.11/site-packages/starlette/middleware/cors.py", line 146, in simple_response
    await self.app(scope, receive, send)
  File "/Users/francescodesimone/Sviluppo Python/garage-management/backend/venv/lib/python3.11/site-packages/starlette/middleware/exceptions.py", line 62, in __call__
    await wrap_app_handling_exceptions(self.app, conn)(scope, receive, send)
  File "/Users/francescodesimone/Sviluppo Python/garage-management/backend/venv/lib/python3.11/site-packages/starlette/_exception_handler.py", line 64, in wrapped_app
    raise exc
  File "/Users/francescodesimone/Sviluppo Python/garage-management/backend/venv/lib/python3.11/site-packages/starlette/_exception_handler.py", line 53, in wrapped_app
    await app(scope, receive, sender)
  File "/Users/francescodesimone/Sviluppo Python/garage-management/backend/venv/lib/python3.11/site-packages/starlette/routing.py", line 762, in __call__
    await self.middleware_stack(scope, receive, send)
  File "/Users/francescodesimone/Sviluppo Python/garage-management/backend/venv/lib/python3.11/site-packages/starlette/routing.py", line 782, in app
    await route.handle(scope, receive, send)
  File "/Users/francescodesimone/Sviluppo Python/garage-management/backend/venv/lib/python3.11/site-packages/starlette/routing.py", line 297, in handle
    await self.app(scope, receive, send)
  File "/Users/francescodesimone/Sviluppo Python/garage-management/backend/venv/lib/python3.11/site-packages/starlette/routing.py", line 77, in app
    await wrap_app_handling_exceptions(app, request)(scope, receive, send)
  File "/Users/francescodesimone/Sviluppo Python/garage-management/backend/venv/lib/python3.11/site-packages/starlette/_exception_handler.py", line 64, in wrapped_app
    raise exc
  File "/Users/francescodesimone/Sviluppo Python/garage-management/backend/venv/lib/python3.11/site-packages/starlette/_exception_handler.py", line 53, in wrapped_app
    await app(scope, receive, sender)
  File "/Users/francescodesimone/Sviluppo Python/garage-management/backend/venv/lib/python3.11/site-packages/starlette/routing.py", line 72, in app
    response = await func(request)
               ^^^^^^^^^^^^^^^^^^^
  File "/Users/francescodesimone/Sviluppo Python/garage-management/backend/venv/lib/python3.11/site-packages/fastapi/routing.py", line 299, in app
    raise e
  File "/Users/francescodesimone/Sviluppo Python/garage-management/backend/venv/lib/python3.11/site-packages/fastapi/routing.py", line 294, in app
    raw_response = await run_endpoint_function(
                   ^^^^^^^^^^^^^^^^^^^^^^^^^^^^
  File "/Users/francescodesimone/Sviluppo Python/garage-management/backend/venv/lib/python3.11/site-packages/fastapi/routing.py", line 193, in run_endpoint_function
    return await run_in_threadpool(dependant.call, **values)
           ^^^^^^^^^^^^^^^^^^^^^^^^^^^^^^^^^^^^^^^^^^^^^^^^^
  File "/Users/francescodesimone/Sviluppo Python/garage-management/backend/venv/lib/python3.11/site-packages/starlette/concurrency.py", line 40, in run_in_threadpool
    return await anyio.to_thread.run_sync(func, *args)
           ^^^^^^^^^^^^^^^^^^^^^^^^^^^^^^^^^^^^^^^^^^^
  File "/Users/francescodesimone/Sviluppo Python/garage-management/backend/venv/lib/python3.11/site-packages/anyio/to_thread.py", line 63, in run_sync
    return await get_async_backend().run_sync_in_worker_thread(
           ^^^^^^^^^^^^^^^^^^^^^^^^^^^^^^^^^^^^^^^^^^^^^^^^^^^^
  File "/Users/francescodesimone/Sviluppo Python/garage-management/backend/venv/lib/python3.11/site-packages/anyio/_backends/_asyncio.py", line 2502, in run_sync_in_worker_thread
    return await future
           ^^^^^^^^^^^^
  File "/Users/francescodesimone/Sviluppo Python/garage-management/backend/venv/lib/python3.11/site-packages/anyio/_backends/_asyncio.py", line 986, in run
    result = context.run(func, *args)
             ^^^^^^^^^^^^^^^^^^^^^^^^
  File "/Users/francescodesimone/Sviluppo Python/garage-management/backend/app/api/v1/endpoints/work_orders.py", line 95, in read_work_orders
    wo_data = WorkOrderResponse.model_validate(wo).model_dump()
              ^^^^^^^^^^^^^^^^^^^^^^^^^^^^^^^^^^^^
  File "/Users/francescodesimone/Sviluppo Python/garage-management/backend/venv/lib/python3.11/site-packages/pydantic/main.py", line 503, in model_validate
    return cls.__pydantic_validator__.validate_python(
           ^^^^^^^^^^^^^^^^^^^^^^^^^^^^^^^^^^^^^^^^^^^
pydantic_core._pydantic_core.ValidationError: 1 validation error for WorkOrder
data_fine_prevista
  Value error, Data fine prevista non può essere prima della data appuntamento [type=value_error, input_value=datetime.datetime(2026, 2, 20, 15, 8, 3, 864805), input_type=datetime]
    For further information visit https://errors.pydantic.dev/2.5/v/value_error
2026-02-19 09:02:41,283 INFO sqlalchemy.engine.Engine BEGIN (implicit)
2026-02-19 09:02:41,284 INFO sqlalchemy.engine.Engine SELECT users.id AS users_id, users.username AS users_username, users.email AS users_email, users.password_hash AS users_password_hash, users.ruolo AS users_ruolo, users.nome AS users_nome, users.cognome AS users_cognome, users.attivo AS users_attivo, users.ultimo_accesso AS users_ultimo_accesso, users.created_at AS users_created_at, users.updated_at AS users_updated_at 
FROM users 
WHERE users.id = ?
 LIMIT ? OFFSET ?
2026-02-19 09:02:41,284 INFO sqlalchemy.engine.Engine [cached since 7.063s ago] (1, 1, 0)
2026-02-19 09:02:41,285 INFO sqlalchemy.engine.Engine SELECT count(*) AS count_1 
FROM (SELECT work_orders.id AS work_orders_id, work_orders.numero_scheda AS work_orders_numero_scheda, work_orders.customer_id AS work_orders_customer_id, work_orders.vehicle_id AS work_orders_vehicle_id, work_orders.data_creazione AS work_orders_data_creazione, work_orders.data_compilazione AS work_orders_data_compilazione, work_orders.data_appuntamento AS work_orders_data_appuntamento, work_orders.data_fine_prevista AS work_orders_data_fine_prevista, work_orders.data_completamento AS work_orders_data_completamento, work_orders.stato AS work_orders_stato, work_orders.priorita AS work_orders_priorita, work_orders.valutazione_danno AS work_orders_valutazione_danno, work_orders.note AS work_orders_note, work_orders.creato_da AS work_orders_creato_da, work_orders.approvato_da AS work_orders_approvato_da, work_orders.auto_cortesia_id AS work_orders_auto_cortesia_id, work_orders.costo_stimato AS work_orders_costo_stimato, work_orders.costo_finale AS work_orders_costo_finale, work_orders.google_event_id AS work_orders_google_event_id, work_orders.created_at AS work_orders_created_at, work_orders.updated_at AS work_orders_updated_at 
FROM work_orders) AS anon_1
2026-02-19 09:02:41,285 INFO sqlalchemy.engine.Engine [cached since 6.313s ago] ()
2026-02-19 09:02:41,286 INFO sqlalchemy.engine.Engine SELECT work_orders.id AS work_orders_id, work_orders.numero_scheda AS work_orders_numero_scheda, work_orders.customer_id AS work_orders_customer_id, work_orders.vehicle_id AS work_orders_vehicle_id, work_orders.data_creazione AS work_orders_data_creazione, work_orders.data_compilazione AS work_orders_data_compilazione, work_orders.data_appuntamento AS work_orders_data_appuntamento, work_orders.data_fine_prevista AS work_orders_data_fine_prevista, work_orders.data_completamento AS work_orders_data_completamento, work_orders.stato AS work_orders_stato, work_orders.priorita AS work_orders_priorita, work_orders.valutazione_danno AS work_orders_valutazione_danno, work_orders.note AS work_orders_note, work_orders.creato_da AS work_orders_creato_da, work_orders.approvato_da AS work_orders_approvato_da, work_orders.auto_cortesia_id AS work_orders_auto_cortesia_id, work_orders.costo_stimato AS work_orders_costo_stimato, work_orders.costo_finale AS work_orders_costo_finale, work_orders.google_event_id AS work_orders_google_event_id, work_orders.created_at AS work_orders_created_at, work_orders.updated_at AS work_orders_updated_at 
FROM work_orders ORDER BY work_orders.created_at DESC
 LIMIT ? OFFSET ?
2026-02-19 09:02:41,286 INFO sqlalchemy.engine.Engine [cached since 6.301s ago] (10, 0)
2026-02-19 09:02:41,289 INFO sqlalchemy.engine.Engine SELECT vehicles.id AS vehicles_id, vehicles.targa AS vehicles_targa, vehicles.telaio AS vehicles_telaio, vehicles.marca AS vehicles_marca, vehicles.modello AS vehicles_modello, vehicles.anno AS vehicles_anno, vehicles.colore AS vehicles_colore, vehicles.cilindrata AS vehicles_cilindrata, vehicles.kw AS vehicles_kw, vehicles.cv AS vehicles_cv, vehicles.porte AS vehicles_porte, vehicles.carburante AS vehicles_carburante, vehicles.prima_immatricolazione AS vehicles_prima_immatricolazione, vehicles.km_attuali AS vehicles_km_attuali, vehicles.customer_id AS vehicles_customer_id, vehicles.tipo AS vehicles_tipo, vehicles.courtesy_car AS vehicles_courtesy_car, vehicles.disponibile AS vehicles_disponibile, vehicles.note AS vehicles_note, vehicles.created_at AS vehicles_created_at, vehicles.updated_at AS vehicles_updated_at 
FROM vehicles 
WHERE vehicles.id IN (?, ?, ?, ?, ?, ?, ?, ?, ?, ?)
2026-02-19 09:02:41,289 INFO sqlalchemy.engine.Engine [cached since 6.295s ago] (1, 2, 3, 4, 5, 6, 7, 8, 9, 10)
2026-02-19 09:02:41,301 INFO sqlalchemy.engine.Engine SELECT customers.id AS customers_id, customers.tipo AS customers_tipo, customers.nome AS customers_nome, customers.cognome AS customers_cognome, customers.ragione_sociale AS customers_ragione_sociale, customers.codice_fiscale AS customers_codice_fiscale, customers.partita_iva AS customers_partita_iva, customers.telefono AS customers_telefono, customers.cellulare AS customers_cellulare, customers.email AS customers_email, customers.indirizzo AS customers_indirizzo, customers.citta AS customers_citta, customers.cap AS customers_cap, customers.provincia AS customers_provincia, customers.preferenze_notifica AS customers_preferenze_notifica, customers.note AS customers_note, customers.created_at AS customers_created_at, customers.updated_at AS customers_updated_at 
FROM customers 
WHERE customers.id IN (?, ?, ?, ?, ?, ?)
2026-02-19 09:02:41,301 INFO sqlalchemy.engine.Engine [cached since 6.282s ago] (1, 2, 3, 4, 5, 6)
2026-02-19 09:02:41,304 INFO sqlalchemy.engine.Engine ROLLBACK
INFO:     127.0.0.1:65019 - "GET /api/v1/work-orders/?skip=0&limit=10 HTTP/1.1" 500 Internal Server Error
ERROR:    Exception in ASGI application
Traceback (most recent call last):
  File "/Users/francescodesimone/Sviluppo Python/garage-management/backend/venv/lib/python3.11/site-packages/uvicorn/protocols/http/httptools_impl.py", line 419, in run_asgi
    result = await app(  # type: ignore[func-returns-value]
             ^^^^^^^^^^^^^^^^^^^^^^^^^^^^^^^^^^^^^^^^^^^^^^
  File "/Users/francescodesimone/Sviluppo Python/garage-management/backend/venv/lib/python3.11/site-packages/uvicorn/middleware/proxy_headers.py", line 84, in __call__
    return await self.app(scope, receive, send)
           ^^^^^^^^^^^^^^^^^^^^^^^^^^^^^^^^^^^^
  File "/Users/francescodesimone/Sviluppo Python/garage-management/backend/venv/lib/python3.11/site-packages/fastapi/applications.py", line 1054, in __call__
    await super().__call__(scope, receive, send)
  File "/Users/francescodesimone/Sviluppo Python/garage-management/backend/venv/lib/python3.11/site-packages/starlette/applications.py", line 123, in __call__
    await self.middleware_stack(scope, receive, send)
  File "/Users/francescodesimone/Sviluppo Python/garage-management/backend/venv/lib/python3.11/site-packages/starlette/middleware/errors.py", line 186, in __call__
    raise exc
  File "/Users/francescodesimone/Sviluppo Python/garage-management/backend/venv/lib/python3.11/site-packages/starlette/middleware/errors.py", line 164, in __call__
    await self.app(scope, receive, _send)
  File "/Users/francescodesimone/Sviluppo Python/garage-management/backend/venv/lib/python3.11/site-packages/starlette/middleware/cors.py", line 91, in __call__
    await self.simple_response(scope, receive, send, request_headers=headers)
  File "/Users/francescodesimone/Sviluppo Python/garage-management/backend/venv/lib/python3.11/site-packages/starlette/middleware/cors.py", line 146, in simple_response
    await self.app(scope, receive, send)
  File "/Users/francescodesimone/Sviluppo Python/garage-management/backend/venv/lib/python3.11/site-packages/starlette/middleware/exceptions.py", line 62, in __call__
    await wrap_app_handling_exceptions(self.app, conn)(scope, receive, send)
  File "/Users/francescodesimone/Sviluppo Python/garage-management/backend/venv/lib/python3.11/site-packages/starlette/_exception_handler.py", line 64, in wrapped_app
    raise exc
  File "/Users/francescodesimone/Sviluppo Python/garage-management/backend/venv/lib/python3.11/site-packages/starlette/_exception_handler.py", line 53, in wrapped_app
    await app(scope, receive, sender)
  File "/Users/francescodesimone/Sviluppo Python/garage-management/backend/venv/lib/python3.11/site-packages/starlette/routing.py", line 762, in __call__
    await self.middleware_stack(scope, receive, send)
  File "/Users/francescodesimone/Sviluppo Python/garage-management/backend/venv/lib/python3.11/site-packages/starlette/routing.py", line 782, in app
    await route.handle(scope, receive, send)
  File "/Users/francescodesimone/Sviluppo Python/garage-management/backend/venv/lib/python3.11/site-packages/starlette/routing.py", line 297, in handle
    await self.app(scope, receive, send)
  File "/Users/francescodesimone/Sviluppo Python/garage-management/backend/venv/lib/python3.11/site-packages/starlette/routing.py", line 77, in app
    await wrap_app_handling_exceptions(app, request)(scope, receive, send)
  File "/Users/francescodesimone/Sviluppo Python/garage-management/backend/venv/lib/python3.11/site-packages/starlette/_exception_handler.py", line 64, in wrapped_app
    raise exc
  File "/Users/francescodesimone/Sviluppo Python/garage-management/backend/venv/lib/python3.11/site-packages/starlette/_exception_handler.py", line 53, in wrapped_app
    await app(scope, receive, sender)
  File "/Users/francescodesimone/Sviluppo Python/garage-management/backend/venv/lib/python3.11/site-packages/starlette/routing.py", line 72, in app
    response = await func(request)
               ^^^^^^^^^^^^^^^^^^^
  File "/Users/francescodesimone/Sviluppo Python/garage-management/backend/venv/lib/python3.11/site-packages/fastapi/routing.py", line 299, in app
    raise e
  File "/Users/francescodesimone/Sviluppo Python/garage-management/backend/venv/lib/python3.11/site-packages/fastapi/routing.py", line 294, in app
    raw_response = await run_endpoint_function(
                   ^^^^^^^^^^^^^^^^^^^^^^^^^^^^
  File "/Users/francescodesimone/Sviluppo Python/garage-management/backend/venv/lib/python3.11/site-packages/fastapi/routing.py", line 193, in run_endpoint_function
    return await run_in_threadpool(dependant.call, **values)
           ^^^^^^^^^^^^^^^^^^^^^^^^^^^^^^^^^^^^^^^^^^^^^^^^^
  File "/Users/francescodesimone/Sviluppo Python/garage-management/backend/venv/lib/python3.11/site-packages/starlette/concurrency.py", line 40, in run_in_threadpool
    return await anyio.to_thread.run_sync(func, *args)
           ^^^^^^^^^^^^^^^^^^^^^^^^^^^^^^^^^^^^^^^^^^^
  File "/Users/francescodesimone/Sviluppo Python/garage-management/backend/venv/lib/python3.11/site-packages/anyio/to_thread.py", line 63, in run_sync
    return await get_async_backend().run_sync_in_worker_thread(
           ^^^^^^^^^^^^^^^^^^^^^^^^^^^^^^^^^^^^^^^^^^^^^^^^^^^^
  File "/Users/francescodesimone/Sviluppo Python/garage-management/backend/venv/lib/python3.11/site-packages/anyio/_backends/_asyncio.py", line 2502, in run_sync_in_worker_thread
    return await future
           ^^^^^^^^^^^^
  File "/Users/francescodesimone/Sviluppo Python/garage-management/backend/venv/lib/python3.11/site-packages/anyio/_backends/_asyncio.py", line 986, in run
    result = context.run(func, *args)
             ^^^^^^^^^^^^^^^^^^^^^^^^
  File "/Users/francescodesimone/Sviluppo Python/garage-management/backend/app/api/v1/endpoints/work_orders.py", line 95, in read_work_orders
    wo_data = WorkOrderResponse.model_validate(wo).model_dump()
              ^^^^^^^^^^^^^^^^^^^^^^^^^^^^^^^^^^^^
  File "/Users/francescodesimone/Sviluppo Python/garage-management/backend/venv/lib/python3.11/site-packages/pydantic/main.py", line 503, in model_validate
    return cls.__pydantic_validator__.validate_python(
           ^^^^^^^^^^^^^^^^^^^^^^^^^^^^^^^^^^^^^^^^^^^
pydantic_core._pydantic_core.ValidationError: 1 validation error for WorkOrder
data_fine_prevista
  Value error, Data fine prevista non può essere prima della data appuntamento [type=value_error, input_value=datetime.datetime(2026, 2, 20, 15, 8, 3, 864805), input_type=datetime]
    For further information visit https://errors.pydantic.dev/2.5/v/value_error
WARNING:  WatchFiles detected changes in 'app/schemas/work_order.py'. Reloading...
INFO:     Shutting down
INFO:     Waiting for application shutdown.
INFO:     Application shutdown complete.
INFO:     Finished server process [51651]
WARNING:  WatchFiles detected changes in 'app/schemas/work_order.py'. Reloading...
